oliv: är det cs final nu
mull_gubben: Är en major
mull_gubben: Finalerna är imorrn
mull_gubben: Grejen är ju att cs har galet inflated viewership pga crate drops
oliv: måste ju ha hattar
oliv: kan man få kniv från dom
mull_gubben: myeah
mull_gubben: Vissa iaf
mull_gubben: Cobble droppen säljer ju för typ 40ish euro eller något galet
oliv: da fak
oliv: borde ju köpa massa csgo konton
mull_gubben: Och då betyder väl det att man kan få ett skin ifrån den craten som är värd galet mkt mer än 40euro :p
oliv: och ha massor som bara specar
oliv: sluta skolan
oliv: inf cash inc
mull_gubben: Mjo, det är ju det som folk har :p
mull_gubben: Sluta skolan vet jag väl inte om folk gör
mull_gubben: Men det är ju många som bara tittar för att få drops
oliv: har folk typ 100+ konton då?
mull_gubben: Dunno, vissa har väl
oliv: linux grejer är igång
mull_gubben: command not found*infinity incoming hype
oliv: https://github.com/fiws/install-arch
oliv: Install a gameboy emulator and start Twitch Installs Arch to Play Pokemon!
oliv: worth
SpaceGremlin: ska man verkligen kunna exita på botten
SpaceGremlin: när den redan är  död
oliv: vad menar du
SpaceGremlin: såg att du skrev !exit
SpaceGremlin: två gånger
oliv: om du gör exit grejen dödar du den
SpaceGremlin: !exit
disbot: killing myself, goodbye cruel world
oliv: vad menar du med två gånger, det borde inte göra något
oliv: ohh nvm
oliv: såg vad du skrev
SpaceGremlin: lmao
oliv: det va att jag startade den igen
oliv: är den nån  av er som använder firefox
oliv: min använder cpun som en galning
mull_gubben: Jag har inga problem
SpaceGremlin: inge issues för mig
oliv: tror det är flash men är kanske inte så illa med andra browsers
SpaceGremlin: ligger på 800k atm
SpaceGremlin: med runt 20 tabbar kanske
mull_gubben: cpu problem, inte minnes :p
oliv: 800k?
mull_gubben: Men yeah, är på 17% atm
SpaceGremlin: lmao im retarded
mull_gubben: Och har väl typ miljoner tabbar
mull_gubben: +-x
oliv: min är inte på 17%
oliv: :(
mull_gubben: Enda jag har märkt är att cpun slukas upp ganska fort om man checkar reddit och har res och tar view pictures saken
SpaceGremlin: mitt firefox finns ju inte ens på kartan för mig, har iof guildwars uppe
oliv: tror det är flash
oliv: verkar så iaf om man tittar på procceserna
mull_gubben: Myeah, flash är väl ganska cpu hungrig
oliv: jo men
oliv: blir sad
oliv: är "the wire" värt att titta på
oliv: har ju hört bra saker om den
Vigren: wups
Vigren: dubbel acc
mull_gubben: rip
mull_gubben: Kan kicka andra om du vill?
Vigren: go ahead
oliv: blir det edh på söndag, är det nån förutom ryd som ville? <@107453979641851904>
oliv: man borde kanske också fråga andra
SpaceGremlin: uh
oliv: typ chau,nino kanske
SpaceGremlin: min skin är typ mega ripo
oliv: ?
SpaceGremlin: jag får väldgit torr hud, så mycket möjligt att jag bara vill smörja in mig regelbundet imorn
oliv: är det ett nej?
mull_gubben: Kan la köra 1v1 annars så kan jag ta fram min azami lek ( ͡° ͜ʖ ͡°)
SpaceGremlin: jag ser hur min hud mor på morgonen
oliv: är inte så sugen på 1v1
SpaceGremlin: sen ger jag svar därefeter
SpaceGremlin: han har redan blivit destroyed av mig 1v1 i skolan
SpaceGremlin: keepo
mull_gubben: lol
mull_gubben: get shrekt
oliv: destroyed vet jag ijnte
mull_gubben: Megarekt more like it?
oliv: spelade la typ 3 games
oliv: tror det blev 2-1
oliv: men ska vi  meddela andra som kanske vill spela
oliv: emma, eliot,chau etc
SpaceGremlin: men jag kan förmodligen spela imorn
SpaceGremlin: vill inte säga 100% för att om min hud är värre imorn så är jag knappast sugen
oliv: https://www.youtube.com/watch?v=Jm8CdY75K-s
SpaceGremlin: moving hurts BabyRage
oliv: jag kanske är slowpoke men såg det nu
mull_gubben: waow
mull_gubben: Fucking infinite return to x set nu va
oliv: return to return to ravnica
SpaceGremlin: awshit
mull_gubben: "slowpoke"
mull_gubben: Blev announcat för 30 minuter sen
mull_gubben: :p
SpaceGremlin: är de avacyn 2.0 nu?
mull_gubben: All your opponents permanents are indestructrible incoming
oliv: return to kamigawa 2017 confirmed
mull_gubben: Fan, vore värt
oliv: ryd går crazy
mull_gubben: Hade varit mer hype än innistrad imo
oliv: dör av hype od
mull_gubben: Haha
mull_gubben: Har jag hypeat kamigawa så mkt asså?
oliv: kommer ihåg jävla NINJUTSU
mull_gubben: Hahahahah
mull_gubben: Bästa leken någonsin
oliv: glömmer det aldrig
oliv: mega op
mull_gubben: wtb blueblack edh ninja precon
mull_gubben: Med nya ninjor
SpaceGremlin: mang
SpaceGremlin: does this mean
SpaceGremlin: new angels
mull_gubben: Lär ju yeah
SpaceGremlin: lär ju inte va on time for my deck
mull_gubben: Innistrad nä? :p
mull_gubben: Släpps ju till våren
mull_gubben: Spoilers för edh preconsen börjar ju på måndag iaf, så get hype
oliv: nån som vill ta på sig att fråga andra om edh
mull_gubben: Jag kan la fråga folk
oliv: ncie
SpaceGremlin: gg
mull_gubben: gg RUINED CLUTCH SAVE BOBROSS
mull_gubben: Så jävla kul
mull_gubben: Om folk inte redan kollat på twitch bob ross streamen
mull_gubben: Så borde ni ju göra det
SpaceGremlin: jo sett en del ross memes
SpaceGremlin: Kappa My hair is so messy NotLikeThis KappaRoss Much better
oliv: vadå ruined
oliv: fattar inte
mull_gubben: Happy little tree has no friends BibleThump
SpaceGremlin: de streamar bobross vods
mull_gubben: http://www.twitch.tv/bobross
SpaceGremlin: för att celebrate:a creative typ iirc
SpaceGremlin: och folk skriver ju typ
SpaceGremlin: YOU RUINED IT
mull_gubben: Och för att det var hans födelsedag när de  började?
SpaceGremlin: när han "fuckar upp"
SpaceGremlin: men sen fixar han de
SpaceGremlin: så clutch save
mull_gubben: ONLY HAPPY LITTLE ACCIDENTS BibleThump I'M AN ACCIDENT BibleThump
mull_gubben: Så jävla konstigt hur underhållande det är endå
mull_gubben: Men det kanske bara är jag
oliv: folk skriver ju ruined hela tiden
SpaceGremlin: sånt folk gör me memes
oliv: fick  du svar <@107464183112540160> +
oliv: this is a test string [<discord.user.User object at 0x7f9f2ba02d30>, <discord.user.User object at 0x7f9f2ba02cc0>]  woooooo
mull_gubben: Aight, yeah jag kan närsom också, behöver bara duscha
mull_gubben: Men vart ska vi vara?
mull_gubben: Fungerar för mig att vara här
oliv: tror det går bra för alla
mull_gubben: Aight
mull_gubben: Ska vi säga typ halv tvåish här då eller något?
mull_gubben: Antar att det kan ta en stund för chau att åka
oliv: a
mull_gubben: Du kan väl ofc komma tidigare om du vill
oliv: om jag blir klar med grejen kommer jag kanske lite tidigare
mull_gubben: Aight
oliv: oliv,
oliv: SpaceGremlin, blir det edh för dig idag?
oliv: 13:30 is the plan atm
SpaceGremlin: Jo jag kommer nog idag, men kan nog inte komma så "snart"
SpaceGremlin: har lite jag behöver fixa
oliv: okaj men nice
mull_gubben: Nice nice
mull_gubben: Kom ihåg min vodka! :D
SpaceGremlin: lmao
SpaceGremlin: oliv, om jag åker nu
SpaceGremlin: så är jag inte "för sen" eller
oliv: Nej
oliv: Det är lungt
oliv: Vi spelar hela natten
oliv: Jag vill ha dig här hos mig
mull_gubben: http://www.lararnasnyheter.se/tidningen-gymnasiet/2015/10/22/varnar-kansligt-innehall
mull_gubben: Svenska skolan är numera tumblr
oliv: heterosexuell kärlek mellan vita personer som upplevs som normförstärkande
oliv: nice
oliv: what is going on asså
SpaceGremlin: Trigger warning

Begreppet började användas på feministiska forum
SpaceGremlin: find the keyword
oliv: känns som man kanske tar det lite långt ibland
oliv: !exit
Anna: killing myself, goodbye cruel world
oliv: !exit
Anna: killing myself, goodbye cruel world
oliv: !exit
Anna: killing myself, goodbye cruel world
oliv: !exit
Anna: killing myself, goodbye cruel world
oliv: !card plummet
Anna: http://gatherer.wizards.com/Handlers/Image.ashx?multiverseid=253675&type=card
oliv: !card sol ring
Anna: http://gatherer.wizards.com/Handlers/Image.ashx?multiverseid=389681&type=card
oliv: !card plummet
Anna: http://gatherer.wizards.com/Handlers/Image.ashx?multiverseid=253675&type=card
oliv: mull_gubben, tidig variant nu
oliv: kan skriva !card cardname
oliv: !card sol ring
Anna: http://gatherer.wizards.com/Handlers/Image.ashx?multiverseid=389681&type=card
oliv: vet att den bara hämtar url:en
oliv: ska fixa blid grej sen
oliv: !card rest in peace
Anna: http://gatherer.wizards.com/Handlers/Image.ashx?multiverseid=277995&type=card
oliv: !exit
Anna: killing myself, goodbye cruel world
oliv: !exit
Anna: killing myself, goodbye cruel world
oliv: !card solring
Anna: failed with to find card: solring
oliv: !card sOL RinG
Anna: http://gatherer.wizards.com/Handlers/Image.ashx?multiverseid=202500&type=card
oliv: mull_gubben,  gief admin pl0x
oliv: !echo jag gillar dig!
Anna:  jag gillar dig!
SpaceGremlin: !echo oliv is bad at magic
Anna:  oliv is bad at magic
SpaceGremlin: på matten?
SpaceGremlin: typ 0
oliv: ne
oliv: programmering
SpaceGremlin: idk han skippa en del
oliv: vet du typ vilka saker ni gick igenom
oliv: while,if, int,string osv
SpaceGremlin: idk var typ 2h administrativ skit
oliv: oj
SpaceGremlin: han gick lite vagt igenom whiles
SpaceGremlin: inte mycke annat
SpaceGremlin: men nämnde ju grejen bakom strings och int osv
SpaceGremlin: men tror alla förrutom kanske matte vet det
SpaceGremlin: lmao
oliv: grejen bakom=
oliv: ?
SpaceGremlin: han visade nåt träddiagram
oliv: typ systemet?
SpaceGremlin: ah
oliv: ahh ok
oliv: lite lättare att fatta om man gjort haskell
SpaceGremlin: jo
oliv: än om man är random matte dude
oliv: vet ni hur många det är totalt
oliv: i kursen
SpaceGremlin: ne lol
SpaceGremlin: 70+
SpaceGremlin: salen var ju smockad
oliv: lol
oliv: 4h
oliv: i en full sal
oliv: kan inte varit så nice
mull_gubben: http://mythicspoiler.com/
mull_gubben: Massor med edh spoilers ute nu
mull_gubben: Om nån/@everyone vill se :P
SpaceGremlin: awshit
SpaceGremlin: that izzet one
SpaceGremlin: kan man inte curva som en galning
SpaceGremlin: med spells
mull_gubben: insane in the membrane
mull_gubben: Sickest snake tribal deck incoming också lol
mull_gubben: Finns några fler på mtg subredditen också
mull_gubben: https://www.reddit.com/r/magictcg
SpaceGremlin: är de alla spoilers?
mull_gubben: Som har kommit ut idag yeah, kommer ju fler imorgon osv
mull_gubben: Tror decklists kommer komma i slutet av veckan eller så
SpaceGremlin: ah oke
SpaceGremlin: den equipen verkar ju kul
SpaceGremlin: selves dvs
mull_gubben: Yeah
oliv: mull_gubben,
oliv: !card plummet
Anna: 
SpaceGremlin: !echo stop doing things against my will :c
Anna:  stop doing things against my will :c
oliv: never
oliv: you are mine
oliv: i own you
oliv: i made  you
oliv: you  are mine
oliv: något annat ni vill att Anna ska kunna göra? @everyone
SpaceGremlin: idk m8
SpaceGremlin: wtf händer på twitch
SpaceGremlin: typ 20k runescape stream
mull_gubben: Fan skit najs oliv,
mull_gubben: Hade väl dock varit nice om man istället för !card skrev typ [[plummet]] som på subredditen, för då kan man ju skriva meningar med korten.
mull_gubben: Typ "Borde banna [[mana vault]] i edh
mull_gubben: "
oliv: sure, kan försöka fixa det imon mull_gubben,
mull_gubben: Nice nice
mull_gubben: Skit nice som det är nu, men kan alltid bli bättre! :D
oliv: den är fett user  friendly också
oliv: kan blanda stora och små bokstäver
oliv: och man kan ha massor av leading,trailing whitespace
mull_gubben: op
oliv: !card Daxos the returned
Anna: failed to find card: Daxos the returned
oliv: :(
mull_gubben: lel
mull_gubben: Finns väl inte på gatherer än?
mull_gubben: !card daxos
Anna: failed to find card: daxos
mull_gubben: Ah, den autocompletar inte eller?
oliv: ne
mull_gubben: Aight
mull_gubben: !card Daxos of meletis
oliv: måste matcha perfect förutom stora/små bokstäver
Anna: 
mull_gubben: Aight
oliv: men du kan som sagt göra
mull_gubben: Hämtar den från gatherer eller magiccards.info?
oliv: !card SoL RINg
Anna: 
mull_gubben: Heh aight
oliv: Den använder deckbrew för att hitta ett "multiverse_id"
oliv: och sedan med hjälp av den kan den hitta kortet på gatherer
mull_gubben: Aight
mull_gubben: Men så då lär ju saker fungera så fort dom kommer upp på gatherer helt enkelt eller? För magiccards är ju ganska långsamma på att uppdatera ibland tex
oliv: !card DaxOs     oF    Meletis
mull_gubben: Eller behöver deckbrew uppdatera saker också?
Anna: 
oliv: deckbrew måste ju också uppdateras
mull_gubben: Aight
oliv: för att den använder deckbrew för att kunna hitta på gathe
oliv: wizards gör det inte lätt
oliv: det fanns tydligen en sida mtgimage
oliv: men wizards fucka den
mull_gubben: Haha aight
oliv: http://deckbrew.com/api/
mull_gubben: Myeah, läser atm
mull_gubben: :p
oliv: du ser att det finns en "image_url" på deckbrew grejen
oliv: men den använder mtgimage
oliv: och fungerar inte
mull_gubben: Ah right
oliv: eller jag fick det inte att fungera iaf
oliv: så man behövde ta en omväg
oliv: med multiverse id och gather
mull_gubben: Mmkay
oliv: har reddit botten fancy error corrections?
mull_gubben: Vet inte, men den autocompletar ju iaf så om man skriver [[daxos]] kommer ju daxos of meletis upp
mull_gubben: Tar väl egentligen bara första resultatet som kommer upp
mull_gubben: Så om man skriver typ [[force of]] kommer fistfull of force upp istället för fow
mull_gubben: Är det jag antar iaf, inte helt säker
oliv: ok ok
mull_gubben: Och om man skriver [[brago]] kommer brago's favor upp, så skulle anta att den bara tar det första resultatet efter att ha sökt gatherer elelr något
mull_gubben: !card Brago's Favor
Anna: failed to find card: Brago's Favor
mull_gubben: rip
mull_gubben: Den kan inte hitta conspiracies asså :p
oliv: rip
oliv: hmm
mull_gubben: !card takenuma
Anna: 
mull_gubben: Nice, planes fungerar ju
mull_gubben: !card Huntmaster of the fells
Anna: 
mull_gubben: !card Ravager of the fells
Anna: 
oliv: !card Bragos favor
Anna: 
mull_gubben: lol
mull_gubben: Inga ' asså
oliv: yeah
oliv: inga sånna
mull_gubben: Det skulle ju kunna vara nice om det är möjligt, att få båda versioner av flip kort i samma post
mull_gubben: Så om man skriver !card delver of secrets kommer både delver och insectile aberration up
oliv: kan kanske bli jobbigt
oliv: https://api.deckbrew.com/mtg/cards/huntmaster-of-the-fells
oliv: det är infon som Anna får
oliv: och det finns ingen info om baksidan
mull_gubben: Under editions och number så är det ju 140a
mull_gubben: flip sidan är ju 140b
mull_gubben: Skulle man inte kunna typ skanna om man får ett a att även ta med nummer+b?
mull_gubben: Vettefan, jag är inte en programmerare :p
oliv: ahh
oliv: kanske
mull_gubben: Det är ju själva setnummret, det kanske inte ger så mkt dock
oliv: om man kan söka på såna grjer
oliv: sant
oliv: det borde kanske gå
mull_gubben: Annars kanske multiverse idt bara är +1?
oliv: det skulle vara mega dank
oliv: ska testa
mull_gubben: Verkar inte vara det
oliv: http://gatherer.wizards.com/Handlers/Image.ashx?multiverseid=262876&type=card
mull_gubben: :<
oliv: ne
oliv: det är huntmaster+1
mull_gubben: Är ju något om layout normal/doublefaced också
oliv: deckbrew har ingen feature för att söka på "number"
mull_gubben: !card Fire/Ice
Anna: failed to find card: Fire/Ice
mull_gubben: !card Fire//Ice
Anna: failed to find card: Fire//Ice
mull_gubben: !Card FireIce
mull_gubben: Oh, det måste vara !card inte !Card? :p
mull_gubben: !card FireIce
Anna: failed to find card: FireIce
mull_gubben: !card Fire ice
Anna: failed to find card: Fire ice
mull_gubben: Fan vad det inte går då
mull_gubben: myb för att jag spammade i den här och inte annas kanal :p
oliv: kanal spelar ingen roll
mull_gubben: Nä men är väl bra att hålla bot test spamm i en annan kanal kanske
oliv: !card Ice
Anna: 
oliv: man får göra så
mull_gubben: Yeah, redan gjort i bot test kanalen
mull_gubben: lol
oliv: okok
oliv: det med auto complete grejen
mull_gubben: !card KNow Naught but Fire
Anna: 
mull_gubben: ayy
oliv: tror det kan bli svårt att få tips här i discord
mull_gubben: Den bilden laddar inte eller?
oliv: men kan ju göra så att hon gissar vad du vill skriva
mull_gubben: Eller är det bara för mig?
oliv: jag ser den
mull_gubben: Hmm okay
mull_gubben: Nu laddade den här lol
oliv: jag fick den lika snabbt som dom andra
mull_gubben: Mmkay
mull_gubben: Antar det bara var random udda
mull_gubben: Verkar ju hämta alla olika typer av kort iaf, så det är ju nice
oliv: du har vi försöka övertala jensen och company, den här featuren finns ju inte i skype
mull_gubben: Gjört
mull_gubben: Jag har inte skype på datorn längre
oliv: mer Deckbrew som är nice :P
mull_gubben: Heh
oliv: anledningen till att du inte kan göra typ "fire&ice" eller något annat fancy
oliv: om man tittar på json filen som deckbrew ger dig
oliv: så är det ett "eget kort"
mull_gubben: Yeah
mull_gubben: Kom på det
oliv: den har ju "number B" dock
mull_gubben: Eller inte just därför, men iaf att man brukar hitta med bara namnet på ena kortet :p
oliv: och man vet namnet på set:et
oliv: så om fan vill kan man ju programmera in det
oliv: kan vara ett framtida mål
mull_gubben: !card Liliana, Heretical healer
Anna: failed to find card: Liliana, Heretical healer
oliv: inte ,
mull_gubben: Ah
oliv: testa utan
mull_gubben: !card Liliana heretical healer
mull_gubben: Tog en väldig stund?
oliv: jo
oliv: vet inte varför
oliv: såg på datorn att den tog ett tag
oliv: har den ju hostad på laptopen atm
mull_gubben: !card nissa vastwood seer
Anna: 
mull_gubben: Mmkay
oliv: borde nog fixa så att Annan fattar att , ' ska bort
mull_gubben: Myeah
oliv: ska fixa det nu, borde inte vara jobbigt
mull_gubben: Aight
oliv: !exit
Anna: killing myself, goodbye cruel world
oliv: ok testa nu
mull_gubben: !card Jace, The mind sculptor
Anna: 
mull_gubben: nice
oliv: gött
oliv: så på todo listan är:
byt syntax till något som kan passa in i meningar
fixa så den gissar om det inte är ett helt namn
mull_gubben: Och om möjligt gör så doublefaced kort visar båda sidorna
mull_gubben: Det kankse är super mega jobbigt dock
oliv: yeah det också
oliv: men det få bli sist
mull_gubben: Yeah
oliv: tror dom andra är lättare
oliv: eller a
oliv: mindre kämp iaf
mull_gubben: Och ytterligare på samma gång är väl att rotera dubbelkort
mull_gubben: aka fire/ice osv
mull_gubben: Så man kan läsa dom lättare
mull_gubben: Men det är väl mindre viktigt än något annat
oliv: kan ju lägga upp den på github och om man kommer på någon fancy feature kan man för ett "issue"
mull_gubben: Kanske inte går alls heller iom att du tar bilderna från en annan sida
oliv: så har man allt på samma ställe
mull_gubben: Myeah
oliv: det den gör
oliv: är att den laddar hem bilden och sedan går den till discord
oliv: så dom finns på host datorn om Hon hämtat den nån gång
oliv: kan ju bara rotera den i något bild program
oliv: borde inte vara omöjligt
oliv: men kanske lite kämp
mull_gubben: Aight
oliv: tänkte göra fancy optimering senare så den först tittar på bilden finns lokalt
oliv: behöver man ju inte hämta från interwebsen
mull_gubben: Yeah
mull_gubben: sounds good
oliv: men det gör den nu
oliv: Anna is not that smart
mull_gubben: Skulle ju kunna ladda ner alla bilder dirr då, tar väl inte så mkt plats
mull_gubben: Typ ett par gb
oliv: !card from beyond
Anna: 
oliv: finns minst 401893
oliv: st bilder att ladda hem om man gör det så
mull_gubben: Öhh, behöver ju inte ha med alla versioner?
oliv: right
oliv: det är sant
mull_gubben: Finns väl typ cirkus 15k mtg kort
mull_gubben: +ett par hundra schemes/planes etc
oliv: kan man ju göra
mull_gubben: Vad är det som bestämmer vilket set den skickar ifrån lol?
mull_gubben: Hämtade ju bajs gammal giant spider precis
oliv: i json filen får du en lista med "editions"
oliv: hon tar bara den första
mull_gubben: Ah, alright
mull_gubben: Vore ju värt om den hämtar den senaste istälet
mull_gubben: Om inte det nu skulle göra det väldigt mkt mindre optimalt
oliv: fick du alfa giant spider eller
mull_gubben: Men att typ skriva något kort som printades i alpha med galen wording vs nu med bra wording
mull_gubben: Jo tror det
oliv: kommer bli lite långsammare för du måste gå igenom hela listan för att komma till slutet
oliv: men borde inte märkas av
mull_gubben: Myeah ofc
mull_gubben: Och yeah, det vara alpha giant spider
oliv: !exit
Anna: killing myself, goodbye cruel world
oliv: !card giant spider
Anna: 
oliv: fak
mull_gubben: heh
oliv: !exit
Anna: killing myself, goodbye cruel world
oliv: !card giant spider
Anna: 
oliv: fak igen
mull_gubben: lol
oliv: varför fungerar det inte :((((((((((((
oliv: fak my life
oliv: tror jag gjorde rätt
oliv: men sista grejen i faking editions listan
oliv: är random ass beta limited editions skit
oliv: samma art som alfa
mull_gubben: lol
mull_gubben: Testa näst sista/tredje sista etc?
oliv: jo ska göra det
oliv: grejen är  ju bara
oliv: att man vill att det fungerar för alla kort
mull_gubben: Myeah
oliv: och saker som inte har printans i många sete
oliv: kan jag ju inte gå typ
oliv: 3 bak
mull_gubben: Nä, men kan väl göra att om det är färre än tre i listan så gör den ingenting?
mull_gubben: eller rättare sagt, så går den på första
mull_gubben: Eller färre än två eller w-e
oliv: jo, frågan är ju bara hur bra det blir i det general caset
mull_gubben: För alla kort i alpha har ju blivit reprintade i minst tre sets right?
mull_gubben: alpha beta och unlimited
mull_gubben: Om inte fyra pga collectors edition
mull_gubben: Så menar att om man ignorerar fall med färre set än två/tre så lär man ju få någorlunda uppdaterad text
mull_gubben: Problemet är väl störst med kort som printats i alpha och sen massa gånger i framtiden också
mull_gubben: Liksom kort som bara printats i arabian nights är ju fucked i vilket fall som
oliv: lol
oliv: jo
oliv: har en ide
oliv: ska testa den
oliv: om det inte fungerar kan vi testa din ide
mull_gubben: Aight
oliv: @everyone
oliv: https://www.youtube.com/watch?v=FA_8TY9Z5Zg
oliv: hype hype hype
mull_gubben: get hyep
SpaceGremlin: de axelskydden
SpaceGremlin: ser inte trovärdiga till wow ut
SpaceGremlin: Kappa
oliv: såg jävla taggad
oliv: vill ha den nu
mull_gubben: 20kg queal var fan inte lätt att släpa hem asså
SpaceGremlin: lmao
SpaceGremlin: ryd is never leaving the house
SpaceGremlin: he can live on water now
mull_gubben: All as planned
mull_gubben: :p
SpaceGremlin: prepared for the nuclear winter
SpaceGremlin: in an apartment complex
mull_gubben: Måste ju förbereda sig för ryssen
SpaceGremlin: ryd the sniper wolf
SpaceGremlin: när russen invaderat salgrenska
mull_gubben: Haha yeah, måste ju skydda stadssjukhuset
mull_gubben: http://gfycat.com/EarnestGoodnaturedAzurewingedmagpie
mull_gubben: rip fallout 4
mull_gubben: Och holy shit vad dålig inclient visaren för gfys är
oliv: va
oliv: vem sa det
oliv: Hej Anna, Jag vill  ha en [Sol ring] och en [Plummet] och kanske en [Black lotus]
Anna: 
Anna: 
Anna: 
